0 info it worked if it ends with ok
1 verbose cli [ 'node', '/usr/local/bin/npm', 'install' ]
2 info using npm@1.4.28
3 info using node@v0.10.32
4 warn package.json node-web-scrape@0.0.1 No repository field.
5 warn package.json node-web-scrape@0.0.1 No README data
6 verbose readDependencies using package.json deps
7 verbose install where, deps [ '/Users/dandreykiv/Projects/Other/node-web-scrape',
7 verbose install   [ 'express', 'request', 'cheerio', 'xpath', 'xmldom' ] ]
8 info preinstall node-web-scrape@0.0.1
9 verbose readDependencies using package.json deps
10 verbose cache add [ 'xpath@latest', null ]
11 verbose cache add name=undefined spec="xpath@latest" args=["xpath@latest",null]
12 verbose parsed url { protocol: null,
12 verbose parsed url   slashes: null,
12 verbose parsed url   auth: null,
12 verbose parsed url   host: null,
12 verbose parsed url   port: null,
12 verbose parsed url   hostname: null,
12 verbose parsed url   hash: null,
12 verbose parsed url   search: null,
12 verbose parsed url   query: null,
12 verbose parsed url   pathname: 'xpath@latest',
12 verbose parsed url   path: 'xpath@latest',
12 verbose parsed url   href: 'xpath@latest' }
13 verbose cache add [ 'xmldom@xmldom', null ]
14 verbose cache add name=undefined spec="xmldom@xmldom" args=["xmldom@xmldom",null]
15 verbose parsed url { protocol: null,
15 verbose parsed url   slashes: null,
15 verbose parsed url   auth: null,
15 verbose parsed url   host: null,
15 verbose parsed url   port: null,
15 verbose parsed url   hostname: null,
15 verbose parsed url   hash: null,
15 verbose parsed url   search: null,
15 verbose parsed url   query: null,
15 verbose parsed url   pathname: 'xmldom@xmldom',
15 verbose parsed url   path: 'xmldom@xmldom',
15 verbose parsed url   href: 'xmldom@xmldom' }
16 verbose cache add name="xpath" spec="latest" args=["xpath","latest"]
17 verbose parsed url { protocol: null,
17 verbose parsed url   slashes: null,
17 verbose parsed url   auth: null,
17 verbose parsed url   host: null,
17 verbose parsed url   port: null,
17 verbose parsed url   hostname: null,
17 verbose parsed url   hash: null,
17 verbose parsed url   search: null,
17 verbose parsed url   query: null,
17 verbose parsed url   pathname: 'latest',
17 verbose parsed url   path: 'latest',
17 verbose parsed url   href: 'latest' }
18 verbose addNamed [ 'xpath', 'latest' ]
19 verbose addNamed [ null, null ]
20 verbose cache add name="xmldom" spec="xmldom" args=["xmldom","xmldom"]
21 verbose parsed url { protocol: null,
21 verbose parsed url   slashes: null,
21 verbose parsed url   auth: null,
21 verbose parsed url   host: null,
21 verbose parsed url   port: null,
21 verbose parsed url   hostname: null,
21 verbose parsed url   hash: null,
21 verbose parsed url   search: null,
21 verbose parsed url   query: null,
21 verbose parsed url   pathname: 'xmldom',
21 verbose parsed url   path: 'xmldom',
21 verbose parsed url   href: 'xmldom' }
22 verbose addNamed [ 'xmldom', 'xmldom' ]
23 verbose addNamed [ null, null ]
24 silly lockFile 6e34e070-xpath-latest xpath@latest
25 verbose lock xpath@latest /Users/dandreykiv/.npm/6e34e070-xpath-latest.lock
26 silly lockFile 3509b1ce-xmldom-xmldom xmldom@xmldom
27 verbose lock xmldom@xmldom /Users/dandreykiv/.npm/3509b1ce-xmldom-xmldom.lock
28 info addNameTag [ 'xpath', 'latest' ]
29 verbose cache add [ 'express@latest', null ]
30 verbose cache add name=undefined spec="express@latest" args=["express@latest",null]
31 verbose parsed url { protocol: null,
31 verbose parsed url   slashes: null,
31 verbose parsed url   auth: null,
31 verbose parsed url   host: null,
31 verbose parsed url   port: null,
31 verbose parsed url   hostname: null,
31 verbose parsed url   hash: null,
31 verbose parsed url   search: null,
31 verbose parsed url   query: null,
31 verbose parsed url   pathname: 'express@latest',
31 verbose parsed url   path: 'express@latest',
31 verbose parsed url   href: 'express@latest' }
32 verbose cache add [ 'request@latest', null ]
33 verbose cache add name=undefined spec="request@latest" args=["request@latest",null]
34 verbose parsed url { protocol: null,
34 verbose parsed url   slashes: null,
34 verbose parsed url   auth: null,
34 verbose parsed url   host: null,
34 verbose parsed url   port: null,
34 verbose parsed url   hostname: null,
34 verbose parsed url   hash: null,
34 verbose parsed url   search: null,
34 verbose parsed url   query: null,
34 verbose parsed url   pathname: 'request@latest',
34 verbose parsed url   path: 'request@latest',
34 verbose parsed url   href: 'request@latest' }
35 info addNameTag [ 'xmldom', 'xmldom' ]
36 verbose cache add name="express" spec="latest" args=["express","latest"]
37 verbose parsed url { protocol: null,
37 verbose parsed url   slashes: null,
37 verbose parsed url   auth: null,
37 verbose parsed url   host: null,
37 verbose parsed url   port: null,
37 verbose parsed url   hostname: null,
37 verbose parsed url   hash: null,
37 verbose parsed url   search: null,
37 verbose parsed url   query: null,
37 verbose parsed url   pathname: 'latest',
37 verbose parsed url   path: 'latest',
37 verbose parsed url   href: 'latest' }
38 verbose addNamed [ 'express', 'latest' ]
39 verbose addNamed [ null, null ]
40 silly lockFile c30a01ab-express-latest express@latest
41 verbose lock express@latest /Users/dandreykiv/.npm/c30a01ab-express-latest.lock
42 verbose cache add [ 'cheerio@latest', null ]
43 verbose cache add name=undefined spec="cheerio@latest" args=["cheerio@latest",null]
44 verbose parsed url { protocol: null,
44 verbose parsed url   slashes: null,
44 verbose parsed url   auth: null,
44 verbose parsed url   host: null,
44 verbose parsed url   port: null,
44 verbose parsed url   hostname: null,
44 verbose parsed url   hash: null,
44 verbose parsed url   search: null,
44 verbose parsed url   query: null,
44 verbose parsed url   pathname: 'cheerio@latest',
44 verbose parsed url   path: 'cheerio@latest',
44 verbose parsed url   href: 'cheerio@latest' }
45 verbose cache add name="request" spec="latest" args=["request","latest"]
46 verbose parsed url { protocol: null,
46 verbose parsed url   slashes: null,
46 verbose parsed url   auth: null,
46 verbose parsed url   host: null,
46 verbose parsed url   port: null,
46 verbose parsed url   hostname: null,
46 verbose parsed url   hash: null,
46 verbose parsed url   search: null,
46 verbose parsed url   query: null,
46 verbose parsed url   pathname: 'latest',
46 verbose parsed url   path: 'latest',
46 verbose parsed url   href: 'latest' }
47 verbose addNamed [ 'request', 'latest' ]
48 verbose addNamed [ null, null ]
49 silly lockFile 5da6dfb1-request-latest request@latest
50 verbose lock request@latest /Users/dandreykiv/.npm/5da6dfb1-request-latest.lock
51 verbose request where is /xmldom
52 verbose request registry https://registry.npmjs.org/
53 verbose request id c4aee6cbd434eb29
54 verbose url raw /xmldom
55 verbose url resolving [ 'https://registry.npmjs.org/', './xmldom' ]
56 verbose url resolved https://registry.npmjs.org/xmldom
57 verbose request where is https://registry.npmjs.org/xmldom
58 info trying registry request attempt 1 at 15:40:36
59 http GET https://registry.npmjs.org/xmldom
60 verbose cache add name="cheerio" spec="latest" args=["cheerio","latest"]
61 verbose parsed url { protocol: null,
61 verbose parsed url   slashes: null,
61 verbose parsed url   auth: null,
61 verbose parsed url   host: null,
61 verbose parsed url   port: null,
61 verbose parsed url   hostname: null,
61 verbose parsed url   hash: null,
61 verbose parsed url   search: null,
61 verbose parsed url   query: null,
61 verbose parsed url   pathname: 'latest',
61 verbose parsed url   path: 'latest',
61 verbose parsed url   href: 'latest' }
62 verbose addNamed [ 'cheerio', 'latest' ]
63 verbose addNamed [ null, null ]
64 silly lockFile b5ca765b-cheerio-latest cheerio@latest
65 verbose lock cheerio@latest /Users/dandreykiv/.npm/b5ca765b-cheerio-latest.lock
66 info addNameTag [ 'express', 'latest' ]
67 info addNameTag [ 'request', 'latest' ]
68 info addNameTag [ 'cheerio', 'latest' ]
69 verbose request where is /xpath
70 verbose request registry https://registry.npmjs.org/
71 verbose url raw /xpath
72 verbose url resolving [ 'https://registry.npmjs.org/', './xpath' ]
73 verbose url resolved https://registry.npmjs.org/xpath
74 verbose request where is https://registry.npmjs.org/xpath
75 info trying registry request attempt 1 at 15:40:36
76 verbose etag "9PXULMI6U1KMAZ56YTSXDICRC"
77 http GET https://registry.npmjs.org/xpath
78 verbose request where is /express
79 verbose request registry https://registry.npmjs.org/
80 verbose url raw /express
81 verbose url resolving [ 'https://registry.npmjs.org/', './express' ]
82 verbose url resolved https://registry.npmjs.org/express
83 verbose request where is https://registry.npmjs.org/express
84 info trying registry request attempt 1 at 15:40:36
85 verbose etag "52GKC88TRG7UW8R8C15J22GZ6"
86 http GET https://registry.npmjs.org/express
87 verbose request where is /request
88 verbose request registry https://registry.npmjs.org/
89 verbose url raw /request
90 verbose url resolving [ 'https://registry.npmjs.org/', './request' ]
91 verbose url resolved https://registry.npmjs.org/request
92 verbose request where is https://registry.npmjs.org/request
93 info trying registry request attempt 1 at 15:40:36
94 verbose etag "B99QGY0F0TJZ3MX6I8GT2OFD3"
95 http GET https://registry.npmjs.org/request
96 verbose request where is /cheerio
97 verbose request registry https://registry.npmjs.org/
98 verbose url raw /cheerio
99 verbose url resolving [ 'https://registry.npmjs.org/', './cheerio' ]
100 verbose url resolved https://registry.npmjs.org/cheerio
101 verbose request where is https://registry.npmjs.org/cheerio
102 info trying registry request attempt 1 at 15:40:36
103 verbose etag "2CVGLZQBOFEBKH9ZWV4SZJY7R"
104 http GET https://registry.npmjs.org/cheerio
105 http 304 https://registry.npmjs.org/express
106 silly registry.get cb [ 304,
106 silly registry.get   { date: 'Fri, 19 Sep 2014 13:40:37 GMT',
106 silly registry.get     server: 'Apache',
106 silly registry.get     via: '1.1 varnish',
106 silly registry.get     'last-modified': 'Fri, 19 Sep 2014 13:40:37 GMT',
106 silly registry.get     'cache-control': 'max-age=60',
106 silly registry.get     etag: '"52GKC88TRG7UW8R8C15J22GZ6"',
106 silly registry.get     'x-served-by': 'cache-fra1231-FRA',
106 silly registry.get     'x-cache': 'HIT',
106 silly registry.get     'x-cache-hits': '1',
106 silly registry.get     'x-timer': 'S1411134037.127235,VS0,VE2',
106 silly registry.get     vary: 'Accept',
106 silly registry.get     'content-length': '0',
106 silly registry.get     'keep-alive': 'timeout=10, max=50',
106 silly registry.get     connection: 'Keep-Alive' } ]
107 verbose etag https://registry.npmjs.org/express from cache
108 http 200 https://registry.npmjs.org/xmldom
109 silly registry.get cb [ 200,
109 silly registry.get   { date: 'Fri, 19 Sep 2014 13:40:37 GMT',
109 silly registry.get     server: 'CouchDB/1.5.0 (Erlang OTP/R16B03)',
109 silly registry.get     etag: '"DWBUJPYDXRN3V9WFU9XBGFGHU"',
109 silly registry.get     'content-type': 'application/json',
109 silly registry.get     'cache-control': 'max-age=60',
109 silly registry.get     'content-length': '36354',
109 silly registry.get     'accept-ranges': 'bytes',
109 silly registry.get     via: '1.1 varnish',
109 silly registry.get     age: '116',
109 silly registry.get     'x-served-by': 'cache-fra1221-FRA',
109 silly registry.get     'x-cache': 'HIT',
109 silly registry.get     'x-cache-hits': '1',
109 silly registry.get     'x-timer': 'S1411134037.105058,VS0,VE0',
109 silly registry.get     vary: 'Accept',
109 silly registry.get     'keep-alive': 'timeout=10, max=50',
109 silly registry.get     connection: 'Keep-Alive' } ]
110 http 304 https://registry.npmjs.org/request
111 silly registry.get cb [ 304,
111 silly registry.get   { date: 'Fri, 19 Sep 2014 13:40:37 GMT',
111 silly registry.get     server: 'Apache',
111 silly registry.get     via: '1.1 varnish',
111 silly registry.get     'last-modified': 'Fri, 19 Sep 2014 13:40:29 GMT',
111 silly registry.get     'cache-control': 'max-age=60',
111 silly registry.get     etag: '"B99QGY0F0TJZ3MX6I8GT2OFD3"',
111 silly registry.get     'x-served-by': 'cache-fra1227-FRA',
111 silly registry.get     'x-cache': 'HIT',
111 silly registry.get     'x-cache-hits': '3',
111 silly registry.get     'x-timer': 'S1411134037.130394,VS0,VE0',
111 silly registry.get     vary: 'Accept',
111 silly registry.get     'content-length': '0',
111 silly registry.get     'keep-alive': 'timeout=10, max=50',
111 silly registry.get     connection: 'Keep-Alive' } ]
112 verbose etag https://registry.npmjs.org/request from cache
113 http 304 https://registry.npmjs.org/cheerio
114 silly registry.get cb [ 304,
114 silly registry.get   { date: 'Fri, 19 Sep 2014 13:40:37 GMT',
114 silly registry.get     server: 'Apache',
114 silly registry.get     via: '1.1 varnish',
114 silly registry.get     'last-modified': 'Fri, 19 Sep 2014 13:40:37 GMT',
114 silly registry.get     'cache-control': 'max-age=60',
114 silly registry.get     etag: '"2CVGLZQBOFEBKH9ZWV4SZJY7R"',
114 silly registry.get     'x-served-by': 'cache-fra1228-FRA',
114 silly registry.get     'x-cache': 'HIT',
114 silly registry.get     'x-cache-hits': '1',
114 silly registry.get     'x-timer': 'S1411134037.140414,VS0,VE0',
114 silly registry.get     vary: 'Accept',
114 silly registry.get     'content-length': '0',
114 silly registry.get     'keep-alive': 'timeout=10, max=50',
114 silly registry.get     connection: 'Keep-Alive' } ]
115 verbose etag https://registry.npmjs.org/cheerio from cache
116 verbose addNamed [ 'express', '4.9.3' ]
117 verbose addNamed [ '4.9.3', '4.9.3' ]
118 silly lockFile 7c446d7a-express-4-9-3 express@4.9.3
119 verbose lock express@4.9.3 /Users/dandreykiv/.npm/7c446d7a-express-4-9-3.lock
120 verbose addNamed [ 'request', '2.44.0' ]
121 verbose addNamed [ '2.44.0', '2.44.0' ]
122 silly lockFile 6370d199-request-2-44-0 request@2.44.0
123 verbose lock request@2.44.0 /Users/dandreykiv/.npm/6370d199-request-2-44-0.lock
124 silly lockFile 3509b1ce-xmldom-xmldom xmldom@xmldom
125 silly lockFile 3509b1ce-xmldom-xmldom xmldom@xmldom
126 verbose addNamed [ 'cheerio', '0.17.0' ]
127 verbose addNamed [ '0.17.0', '0.17.0' ]
128 silly lockFile 26cb7f10-cheerio-0-17-0 cheerio@0.17.0
129 verbose lock cheerio@0.17.0 /Users/dandreykiv/.npm/26cb7f10-cheerio-0-17-0.lock
130 silly lockFile 7c446d7a-express-4-9-3 express@4.9.3
131 silly lockFile 7c446d7a-express-4-9-3 express@4.9.3
132 silly lockFile 6370d199-request-2-44-0 request@2.44.0
133 silly lockFile 6370d199-request-2-44-0 request@2.44.0
134 silly lockFile c30a01ab-express-latest express@latest
135 silly lockFile c30a01ab-express-latest express@latest
136 silly lockFile 5da6dfb1-request-latest request@latest
137 silly lockFile 5da6dfb1-request-latest request@latest
138 silly lockFile 26cb7f10-cheerio-0-17-0 cheerio@0.17.0
139 silly lockFile 26cb7f10-cheerio-0-17-0 cheerio@0.17.0
140 silly lockFile b5ca765b-cheerio-latest cheerio@latest
141 silly lockFile b5ca765b-cheerio-latest cheerio@latest
142 info already installed express@4.9.3
143 info already installed request@2.44.0
144 info already installed cheerio@0.17.0
145 http 304 https://registry.npmjs.org/xpath
146 silly registry.get cb [ 304,
146 silly registry.get   { date: 'Fri, 19 Sep 2014 13:40:37 GMT',
146 silly registry.get     server: 'Apache',
146 silly registry.get     via: '1.1 varnish',
146 silly registry.get     'last-modified': 'Fri, 19 Sep 2014 13:40:37 GMT',
146 silly registry.get     'cache-control': 'max-age=60',
146 silly registry.get     etag: '"9PXULMI6U1KMAZ56YTSXDICRC"',
146 silly registry.get     'x-served-by': 'cache-fra1226-FRA',
146 silly registry.get     'x-cache': 'HIT',
146 silly registry.get     'x-cache-hits': '1',
146 silly registry.get     'x-timer': 'S1411134037.108073,VS0,VE99',
146 silly registry.get     vary: 'Accept',
146 silly registry.get     'content-length': '0',
146 silly registry.get     'keep-alive': 'timeout=10, max=50',
146 silly registry.get     connection: 'Keep-Alive' } ]
147 verbose etag https://registry.npmjs.org/xpath from cache
148 verbose addNamed [ 'xpath', '0.0.7' ]
149 verbose addNamed [ '0.0.7', '0.0.7' ]
150 silly lockFile f785ae9b-xpath-0-0-7 xpath@0.0.7
151 verbose lock xpath@0.0.7 /Users/dandreykiv/.npm/f785ae9b-xpath-0-0-7.lock
152 silly lockFile f785ae9b-xpath-0-0-7 xpath@0.0.7
153 silly lockFile f785ae9b-xpath-0-0-7 xpath@0.0.7
154 silly lockFile 6e34e070-xpath-latest xpath@latest
155 silly lockFile 6e34e070-xpath-latest xpath@latest
156 info already installed xpath@0.0.7
157 error notarget No compatible version found: xmldom@'xmldom'
157 error notarget Valid install targets:
157 error notarget ["0.1.0","0.1.1","0.1.2","0.1.3","0.1.4","0.1.5","0.1.6","0.1.7","0.1.8","0.1.9","0.1.10","0.1.11","0.1.12","0.1.13","0.1.14","0.1.15","0.1.16","0.1.17","0.1.18","0.1.19"]
157 error notarget
157 error notarget This is most likely not a problem with npm itself.
157 error notarget In most cases you or one of your dependencies are requesting
157 error notarget a package version that doesn't exist.
158 error System Darwin 14.0.0
159 error command "node" "/usr/local/bin/npm" "install"
160 error cwd /Users/dandreykiv/Projects/Other/node-web-scrape
161 error node -v v0.10.32
162 error npm -v 1.4.28
163 error code ETARGET
164 verbose exit [ 1, true ]
